<?xml version="1.0" encoding="UTF-8"?>
<testng-results skipped="0" failed="0" ignored="0" total="1" passed="1">
  <reporter-output>
  </reporter-output>
  <suite name="Surefire suite" duration-ms="92" started-at="2020-08-20T10:43:33Z" finished-at="2020-08-20T10:43:33Z">
    <groups>
    </groups>
    <test name="Surefire test" duration-ms="92" started-at="2020-08-20T10:43:33Z" finished-at="2020-08-20T10:43:33Z">
      <class name="org.selenide.examples.testt.AppTest">
        <test-method status="PASS" signature="shouldAnswerWithTrue()" name="shouldAnswerWithTrue" duration-ms="12" started-at="2020-08-20T10:43:33Z" finished-at="2020-08-20T10:43:33Z">
          <reporter-output>
          </reporter-output>
        </test-method> <!-- shouldAnswerWithTrue -->
      </class> <!-- org.selenide.examples.testt.AppTest -->
    </test> <!-- Surefire test -->
  </suite> <!-- Surefire suite -->
</testng-results>
